ansible-playbook 2.10.2
  config file = None
  configured module search path = ['/root/.ansible/plugins/modules', '/usr/share/ansible/plugins/modules']
  ansible python module location = /usr/local/lib/python3.6/dist-packages/ansible
  executable location = /usr/local/bin/ansible-playbook
  python version = 3.6.9 (default, Oct  8 2020, 12:12:24) [GCC 8.4.0]
No config file found; using defaults
host_list declined parsing /etc/ansible/hosts as it did not pass its verify_file() method
script declined parsing /etc/ansible/hosts as it did not pass its verify_file() method
auto declined parsing /etc/ansible/hosts as it did not pass its verify_file() method
Parsed /etc/ansible/hosts inventory source with ini plugin

PLAYBOOK: add-peer.yaml ********************************************************
1 plays in platforms/hyperledger-fabric/configuration/add-peer.yaml

PLAY [ansible_provisioners] ****************************************************
META: ran handlers

TASK [Remove build directory] **************************************************
task path: /Users/s0s0dit/project/blockchain-automation-framework/platforms/hyperledger-fabric/configuration/add-peer.yaml:16
<localhost> ESTABLISH LOCAL CONNECTION FOR USER: root
<localhost> EXEC /bin/sh -c 'echo ~root && sleep 0'
<localhost> EXEC /bin/sh -c '( umask 77 && mkdir -p "` echo /root/.ansible/tmp `"&& mkdir "` echo /root/.ansible/tmp/ansible-tmp-1604401323.8942273-24952-174806629193272 `" && echo ansible-tmp-1604401323.8942273-24952-174806629193272="` echo /root/.ansible/tmp/ansible-tmp-1604401323.8942273-24952-174806629193272 `" ) && sleep 0'
<localhost> Attempting python interpreter discovery
<localhost> EXEC /bin/sh -c 'echo PLATFORM; uname; echo FOUND; command -v '"'"'/usr/bin/python'"'"'; command -v '"'"'python3.7'"'"'; command -v '"'"'python3.6'"'"'; command -v '"'"'python3.5'"'"'; command -v '"'"'python2.7'"'"'; command -v '"'"'python2.6'"'"'; command -v '"'"'/usr/libexec/platform-python'"'"'; command -v '"'"'/usr/bin/python3'"'"'; command -v '"'"'python'"'"'; echo ENDFOUND && sleep 0'
<localhost> EXEC /bin/sh -c '/usr/bin/python3.6 && sleep 0'
Using module file /usr/local/lib/python3.6/dist-packages/ansible/modules/file.py
<localhost> PUT /root/.ansible/tmp/ansible-local-24945zhc_rm96/tmpq7vv3guy TO /root/.ansible/tmp/ansible-tmp-1604401323.8942273-24952-174806629193272/AnsiballZ_file.py
<localhost> EXEC /bin/sh -c 'chmod u+x /root/.ansible/tmp/ansible-tmp-1604401323.8942273-24952-174806629193272/ /root/.ansible/tmp/ansible-tmp-1604401323.8942273-24952-174806629193272/AnsiballZ_file.py && sleep 0'
<localhost> EXEC /bin/sh -c '/usr/bin/python3 /root/.ansible/tmp/ansible-tmp-1604401323.8942273-24952-174806629193272/AnsiballZ_file.py && sleep 0'
<localhost> EXEC /bin/sh -c 'rm -f -r /root/.ansible/tmp/ansible-tmp-1604401323.8942273-24952-174806629193272/ > /dev/null 2>&1 && sleep 0'
changed: [localhost] => {
    "ansible_facts": {
        "discovered_interpreter_python": "/usr/bin/python3"
    },
    "changed": true,
    "diff": {
        "after": {
            "path": "./build",
            "state": "absent"
        },
        "before": {
            "path": "./build",
            "path_content": {
                "directories": [
                    "./build/test"
                ],
                "files": [
                    "./build/test/carrier-peer1.yaml"
                ]
            },
            "state": "directory"
        }
    },
    "invocation": {
        "module_args": {
            "_diff_peek": null,
            "_original_basename": null,
            "access_time": null,
            "access_time_format": "%Y%m%d%H%M.%S",
            "attributes": null,
            "follow": true,
            "force": false,
            "group": null,
            "mode": null,
            "modification_time": null,
            "modification_time_format": "%Y%m%d%H%M.%S",
            "owner": null,
            "path": "./build",
            "recurse": false,
            "selevel": null,
            "serole": null,
            "setype": null,
            "seuser": null,
            "src": null,
            "state": "absent",
            "unsafe_writes": false
        }
    },
    "path": "./build",
    "state": "absent"
}

TASK [include_role : create/add_new_peer/crypto_script] ************************
task path: /Users/s0s0dit/project/blockchain-automation-framework/platforms/hyperledger-fabric/configuration/add-peer.yaml:22
skipping: [localhost] => (item={'organization': None, 'name': 'supplychain', 'country': 'UK', 'state': 'London', 'location': 'London', 'subject': 'O=Orderer,L=51.50/-0.13/London,C=GB', 'type': 'orderer', 'external_url_suffix': 'supplychain-net.svc.cluster.local', 'org_status': 'existing', 'ca_data': {'url': 'ca.supplychain-net:7054', 'certificate': 'file/server.crt'}, 'cloud_provider': 'azure', 'k8s': {'region': 'cluster_region', 'context': 'fabric-aks-dev1', 'config_file': '/Users/s0s0dit/project/blockchain-automation-framework/build/kubeconfig.yaml'}, 'vault': {'url': 'http://vault.suneelbaf.svc.cluster.local:8200', 'root_token': 's.V28i17sRnBQyQV55J3jHp0hu'}, 'gitops': {'git_ssh': 'ssh://git@github.com/bafsunsu/blockchain-automation-framework.git', 'branch': 'local', 'release_dir': 'platforms/hyperledger-fabric/releases/dev', 'chart_source': 'platforms/hyperledger-fabric/charts', 'git_push_url': 'github.com/bafsunsu/blockchain-automation-framework.git', 'username': 'bafsunsu', 'password': 'bafsunsu2020', 'email': 's.unil18031992@gmail.com', 'private_key': '/Users/s0s0dit/project/blockchain-automation-framework/build/gitops'}, 'services': {'ca': {'name': 'ca', 'subject': '/C=GB/ST=London/L=London/O=Orderer/CN=ca.supplychain-net', 'type': 'ca', 'grpc': {'port': 7054}}, 'consensus': {'name': 'raft', 'type': 'broker', 'replicas': 4, 'grpc': {'port': 9092}}, 'orderers': [{'orderer': None, 'name': 'orderer3', 'type': 'orderer', 'consensus': 'raft', 'grpc': {'port': 7050}}]}})  => {
    "ansible_loop_var": "item",
    "changed": false,
    "item": {
        "ca_data": {
            "certificate": "file/server.crt",
            "url": "ca.supplychain-net:7054"
        },
        "cloud_provider": "azure",
        "country": "UK",
        "external_url_suffix": "supplychain-net.svc.cluster.local",
        "gitops": {
            "branch": "local",
            "chart_source": "platforms/hyperledger-fabric/charts",
            "email": "s.unil18031992@gmail.com",
            "git_push_url": "github.com/bafsunsu/blockchain-automation-framework.git",
            "git_ssh": "ssh://git@github.com/bafsunsu/blockchain-automation-framework.git",
            "password": "bafsunsu2020",
            "private_key": "/Users/s0s0dit/project/blockchain-automation-framework/build/gitops",
            "release_dir": "platforms/hyperledger-fabric/releases/dev",
            "username": "bafsunsu"
        },
        "k8s": {
            "config_file": "/Users/s0s0dit/project/blockchain-automation-framework/build/kubeconfig.yaml",
            "context": "fabric-aks-dev1",
            "region": "cluster_region"
        },
        "location": "London",
        "name": "supplychain",
        "org_status": "existing",
        "organization": null,
        "services": {
            "ca": {
                "grpc": {
                    "port": 7054
                },
                "name": "ca",
                "subject": "/C=GB/ST=London/L=London/O=Orderer/CN=ca.supplychain-net",
                "type": "ca"
            },
            "consensus": {
                "grpc": {
                    "port": 9092
                },
                "name": "raft",
                "replicas": 4,
                "type": "broker"
            },
            "orderers": [
                {
                    "consensus": "raft",
                    "grpc": {
                        "port": 7050
                    },
                    "name": "orderer3",
                    "orderer": null,
                    "type": "orderer"
                }
            ]
        },
        "state": "London",
        "subject": "O=Orderer,L=51.50/-0.13/London,C=GB",
        "type": "orderer",
        "vault": {
            "root_token": "s.V28i17sRnBQyQV55J3jHp0hu",
            "url": "http://vault.suneelbaf.svc.cluster.local:8200"
        }
    },
    "skip_reason": "Conditional result was False"
}
skipping: [localhost] => (item={'organization': None, 'name': 'carrier', 'country': 'GB', 'state': 'London', 'location': 'London', 'subject': 'O=Carrier,OU=Carrier,L=51.50/-0.13/London,C=GB', 'type': 'peer', 'external_url_suffix': 'carrier-net.svc.cluster.local', 'org_status': 'existing', 'ca_data': {'url': 'ca.carrier-net:7054', 'certificate': 'file/server.crt'}, 'cloud_provider': 'azure', 'k8s': {'region': 'cluster_region', 'context': 'fabric-aks-dev1', 'config_file': '/Users/s0s0dit/project/blockchain-automation-framework/build/kubeconfig.yaml'}, 'vault': {'url': 'http://vault.suneelbaf.svc.cluster.local:8200', 'root_token': 's.V28i17sRnBQyQV55J3jHp0hu'}, 'gitops': {'git_ssh': 'ssh://git@github.com/bafsunsu/blockchain-automation-framework.git', 'branch': 'local', 'release_dir': 'platforms/hyperledger-fabric/releases/dev', 'chart_source': 'platforms/hyperledger-fabric/charts', 'git_push_url': 'github.com/bafsunsu/blockchain-automation-framework.git', 'username': 'bafsunsu', 'password': 'bafsunsu2020', 'email': 's.unil18031992@gmail.com', 'private_key': '/Users/s0s0dit/project/blockchain-automation-framework/build/gitops'}, 'services': {'ca': {'name': 'ca', 'subject': '/C=GB/ST=London/L=London/O=Carrier/CN=ca.carrier-net', 'type': 'ca', 'grpc': {'port': 7054}}, 'peers': [{'peer': None, 'name': 'peer0', 'type': 'anchor', 'gossippeeraddress': 'peer0.carrier-net:7051', 'peerAddress': 'peer0.carrier-net.svc.cluster.local:7051', 'peerstatus': 'existing', 'cli': 'enabled', 'grpc': {'port': 7051}, 'events': {'port': 7053}, 'couchdb': {'port': 5984}, 'restserver': {'targetPort': 20001, 'port': 20001}, 'expressapi': {'targetPort': 3000, 'port': 3000}}, {'peer': None, 'name': 'peer1', 'type': 'nonanchor', 'gossippeeraddress': 'peer0.carrier-net:7051', 'peerAddress': 'peer1.carrier-net.svc.cluster.local:7061', 'peerstatus': 'new', 'cli': 'enabled', 'grpc': {'port': 7061}, 'events': {'port': 7063}, 'couchdb': {'port': 5994}, 'restserver': {'targetPort': 20011, 'port': 20011}, 'expressapi': {'targetPort': 3010, 'port': 3010}}]}})  => {
    "ansible_loop_var": "item",
    "changed": false,
    "item": {
        "ca_data": {
            "certificate": "file/server.crt",
            "url": "ca.carrier-net:7054"
        },
        "cloud_provider": "azure",
        "country": "GB",
        "external_url_suffix": "carrier-net.svc.cluster.local",
        "gitops": {
            "branch": "local",
            "chart_source": "platforms/hyperledger-fabric/charts",
            "email": "s.unil18031992@gmail.com",
            "git_push_url": "github.com/bafsunsu/blockchain-automation-framework.git",
            "git_ssh": "ssh://git@github.com/bafsunsu/blockchain-automation-framework.git",
            "password": "bafsunsu2020",
            "private_key": "/Users/s0s0dit/project/blockchain-automation-framework/build/gitops",
            "release_dir": "platforms/hyperledger-fabric/releases/dev",
            "username": "bafsunsu"
        },
        "k8s": {
            "config_file": "/Users/s0s0dit/project/blockchain-automation-framework/build/kubeconfig.yaml",
            "context": "fabric-aks-dev1",
            "region": "cluster_region"
        },
        "location": "London",
        "name": "carrier",
        "org_status": "existing",
        "organization": null,
        "services": {
            "ca": {
                "grpc": {
                    "port": 7054
                },
                "name": "ca",
                "subject": "/C=GB/ST=London/L=London/O=Carrier/CN=ca.carrier-net",
                "type": "ca"
            },
            "peers": [
                {
                    "cli": "enabled",
                    "couchdb": {
                        "port": 5984
                    },
                    "events": {
                        "port": 7053
                    },
                    "expressapi": {
                        "port": 3000,
                        "targetPort": 3000
                    },
                    "gossippeeraddress": "peer0.carrier-net:7051",
                    "grpc": {
                        "port": 7051
                    },
                    "name": "peer0",
                    "peer": null,
                    "peerAddress": "peer0.carrier-net.svc.cluster.local:7051",
                    "peerstatus": "existing",
                    "restserver": {
                        "port": 20001,
                        "targetPort": 20001
                    },
                    "type": "anchor"
                },
                {
                    "cli": "enabled",
                    "couchdb": {
                        "port": 5994
                    },
                    "events": {
                        "port": 7063
                    },
                    "expressapi": {
                        "port": 3010,
                        "targetPort": 3010
                    },
                    "gossippeeraddress": "peer0.carrier-net:7051",
                    "grpc": {
                        "port": 7061
                    },
                    "name": "peer1",
                    "peer": null,
                    "peerAddress": "peer1.carrier-net.svc.cluster.local:7061",
                    "peerstatus": "new",
                    "restserver": {
                        "port": 20011,
                        "targetPort": 20011
                    },
                    "type": "nonanchor"
                }
            ]
        },
        "state": "London",
        "subject": "O=Carrier,OU=Carrier,L=51.50/-0.13/London,C=GB",
        "type": "peer",
        "vault": {
            "root_token": "s.V28i17sRnBQyQV55J3jHp0hu",
            "url": "http://vault.suneelbaf.svc.cluster.local:8200"
        }
    },
    "skip_reason": "Conditional result was False"
}

TASK [include_role : create/crypto/peer] ***************************************
task path: /Users/s0s0dit/project/blockchain-automation-framework/platforms/hyperledger-fabric/configuration/add-peer.yaml:31
skipping: [localhost] => (item={'organization': None, 'name': 'supplychain', 'country': 'UK', 'state': 'London', 'location': 'London', 'subject': 'O=Orderer,L=51.50/-0.13/London,C=GB', 'type': 'orderer', 'external_url_suffix': 'supplychain-net.svc.cluster.local', 'org_status': 'existing', 'ca_data': {'url': 'ca.supplychain-net:7054', 'certificate': 'file/server.crt'}, 'cloud_provider': 'azure', 'k8s': {'region': 'cluster_region', 'context': 'fabric-aks-dev1', 'config_file': '/Users/s0s0dit/project/blockchain-automation-framework/build/kubeconfig.yaml'}, 'vault': {'url': 'http://vault.suneelbaf.svc.cluster.local:8200', 'root_token': 's.V28i17sRnBQyQV55J3jHp0hu'}, 'gitops': {'git_ssh': 'ssh://git@github.com/bafsunsu/blockchain-automation-framework.git', 'branch': 'local', 'release_dir': 'platforms/hyperledger-fabric/releases/dev', 'chart_source': 'platforms/hyperledger-fabric/charts', 'git_push_url': 'github.com/bafsunsu/blockchain-automation-framework.git', 'username': 'bafsunsu', 'password': 'bafsunsu2020', 'email': 's.unil18031992@gmail.com', 'private_key': '/Users/s0s0dit/project/blockchain-automation-framework/build/gitops'}, 'services': {'ca': {'name': 'ca', 'subject': '/C=GB/ST=London/L=London/O=Orderer/CN=ca.supplychain-net', 'type': 'ca', 'grpc': {'port': 7054}}, 'consensus': {'name': 'raft', 'type': 'broker', 'replicas': 4, 'grpc': {'port': 9092}}, 'orderers': [{'orderer': None, 'name': 'orderer3', 'type': 'orderer', 'consensus': 'raft', 'grpc': {'port': 7050}}]}})  => {
    "ansible_loop_var": "item",
    "changed": false,
    "item": {
        "ca_data": {
            "certificate": "file/server.crt",
            "url": "ca.supplychain-net:7054"
        },
        "cloud_provider": "azure",
        "country": "UK",
        "external_url_suffix": "supplychain-net.svc.cluster.local",
        "gitops": {
            "branch": "local",
            "chart_source": "platforms/hyperledger-fabric/charts",
            "email": "s.unil18031992@gmail.com",
            "git_push_url": "github.com/bafsunsu/blockchain-automation-framework.git",
            "git_ssh": "ssh://git@github.com/bafsunsu/blockchain-automation-framework.git",
            "password": "bafsunsu2020",
            "private_key": "/Users/s0s0dit/project/blockchain-automation-framework/build/gitops",
            "release_dir": "platforms/hyperledger-fabric/releases/dev",
            "username": "bafsunsu"
        },
        "k8s": {
            "config_file": "/Users/s0s0dit/project/blockchain-automation-framework/build/kubeconfig.yaml",
            "context": "fabric-aks-dev1",
            "region": "cluster_region"
        },
        "location": "London",
        "name": "supplychain",
        "org_status": "existing",
        "organization": null,
        "services": {
            "ca": {
                "grpc": {
                    "port": 7054
                },
                "name": "ca",
                "subject": "/C=GB/ST=London/L=London/O=Orderer/CN=ca.supplychain-net",
                "type": "ca"
            },
            "consensus": {
                "grpc": {
                    "port": 9092
                },
                "name": "raft",
                "replicas": 4,
                "type": "broker"
            },
            "orderers": [
                {
                    "consensus": "raft",
                    "grpc": {
                        "port": 7050
                    },
                    "name": "orderer3",
                    "orderer": null,
                    "type": "orderer"
                }
            ]
        },
        "state": "London",
        "subject": "O=Orderer,L=51.50/-0.13/London,C=GB",
        "type": "orderer",
        "vault": {
            "root_token": "s.V28i17sRnBQyQV55J3jHp0hu",
            "url": "http://vault.suneelbaf.svc.cluster.local:8200"
        }
    },
    "skip_reason": "Conditional result was False"
}
skipping: [localhost] => (item={'organization': None, 'name': 'carrier', 'country': 'GB', 'state': 'London', 'location': 'London', 'subject': 'O=Carrier,OU=Carrier,L=51.50/-0.13/London,C=GB', 'type': 'peer', 'external_url_suffix': 'carrier-net.svc.cluster.local', 'org_status': 'existing', 'ca_data': {'url': 'ca.carrier-net:7054', 'certificate': 'file/server.crt'}, 'cloud_provider': 'azure', 'k8s': {'region': 'cluster_region', 'context': 'fabric-aks-dev1', 'config_file': '/Users/s0s0dit/project/blockchain-automation-framework/build/kubeconfig.yaml'}, 'vault': {'url': 'http://vault.suneelbaf.svc.cluster.local:8200', 'root_token': 's.V28i17sRnBQyQV55J3jHp0hu'}, 'gitops': {'git_ssh': 'ssh://git@github.com/bafsunsu/blockchain-automation-framework.git', 'branch': 'local', 'release_dir': 'platforms/hyperledger-fabric/releases/dev', 'chart_source': 'platforms/hyperledger-fabric/charts', 'git_push_url': 'github.com/bafsunsu/blockchain-automation-framework.git', 'username': 'bafsunsu', 'password': 'bafsunsu2020', 'email': 's.unil18031992@gmail.com', 'private_key': '/Users/s0s0dit/project/blockchain-automation-framework/build/gitops'}, 'services': {'ca': {'name': 'ca', 'subject': '/C=GB/ST=London/L=London/O=Carrier/CN=ca.carrier-net', 'type': 'ca', 'grpc': {'port': 7054}}, 'peers': [{'peer': None, 'name': 'peer0', 'type': 'anchor', 'gossippeeraddress': 'peer0.carrier-net:7051', 'peerAddress': 'peer0.carrier-net.svc.cluster.local:7051', 'peerstatus': 'existing', 'cli': 'enabled', 'grpc': {'port': 7051}, 'events': {'port': 7053}, 'couchdb': {'port': 5984}, 'restserver': {'targetPort': 20001, 'port': 20001}, 'expressapi': {'targetPort': 3000, 'port': 3000}}, {'peer': None, 'name': 'peer1', 'type': 'nonanchor', 'gossippeeraddress': 'peer0.carrier-net:7051', 'peerAddress': 'peer1.carrier-net.svc.cluster.local:7061', 'peerstatus': 'new', 'cli': 'enabled', 'grpc': {'port': 7061}, 'events': {'port': 7063}, 'couchdb': {'port': 5994}, 'restserver': {'targetPort': 20011, 'port': 20011}, 'expressapi': {'targetPort': 3010, 'port': 3010}}]}})  => {
    "ansible_loop_var": "item",
    "changed": false,
    "item": {
        "ca_data": {
            "certificate": "file/server.crt",
            "url": "ca.carrier-net:7054"
        },
        "cloud_provider": "azure",
        "country": "GB",
        "external_url_suffix": "carrier-net.svc.cluster.local",
        "gitops": {
            "branch": "local",
            "chart_source": "platforms/hyperledger-fabric/charts",
            "email": "s.unil18031992@gmail.com",
            "git_push_url": "github.com/bafsunsu/blockchain-automation-framework.git",
            "git_ssh": "ssh://git@github.com/bafsunsu/blockchain-automation-framework.git",
            "password": "bafsunsu2020",
            "private_key": "/Users/s0s0dit/project/blockchain-automation-framework/build/gitops",
            "release_dir": "platforms/hyperledger-fabric/releases/dev",
            "username": "bafsunsu"
        },
        "k8s": {
            "config_file": "/Users/s0s0dit/project/blockchain-automation-framework/build/kubeconfig.yaml",
            "context": "fabric-aks-dev1",
            "region": "cluster_region"
        },
        "location": "London",
        "name": "carrier",
        "org_status": "existing",
        "organization": null,
        "services": {
            "ca": {
                "grpc": {
                    "port": 7054
                },
                "name": "ca",
                "subject": "/C=GB/ST=London/L=London/O=Carrier/CN=ca.carrier-net",
                "type": "ca"
            },
            "peers": [
                {
                    "cli": "enabled",
                    "couchdb": {
                        "port": 5984
                    },
                    "events": {
                        "port": 7053
                    },
                    "expressapi": {
                        "port": 3000,
                        "targetPort": 3000
                    },
                    "gossippeeraddress": "peer0.carrier-net:7051",
                    "grpc": {
                        "port": 7051
                    },
                    "name": "peer0",
                    "peer": null,
                    "peerAddress": "peer0.carrier-net.svc.cluster.local:7051",
                    "peerstatus": "existing",
                    "restserver": {
                        "port": 20001,
                        "targetPort": 20001
                    },
                    "type": "anchor"
                },
                {
                    "cli": "enabled",
                    "couchdb": {
                        "port": 5994
                    },
                    "events": {
                        "port": 7063
                    },
                    "expressapi": {
                        "port": 3010,
                        "targetPort": 3010
                    },
                    "gossippeeraddress": "peer0.carrier-net:7051",
                    "grpc": {
                        "port": 7061
                    },
                    "name": "peer1",
                    "peer": null,
                    "peerAddress": "peer1.carrier-net.svc.cluster.local:7061",
                    "peerstatus": "new",
                    "restserver": {
                        "port": 20011,
                        "targetPort": 20011
                    },
                    "type": "nonanchor"
                }
            ]
        },
        "state": "London",
        "subject": "O=Carrier,OU=Carrier,L=51.50/-0.13/London,C=GB",
        "type": "peer",
        "vault": {
            "root_token": "s.V28i17sRnBQyQV55J3jHp0hu",
            "url": "http://vault.suneelbaf.svc.cluster.local:8200"
        }
    },
    "skip_reason": "Conditional result was False"
}

TASK [include_role : create/peers] *********************************************
task path: /Users/s0s0dit/project/blockchain-automation-framework/platforms/hyperledger-fabric/configuration/add-peer.yaml:47
skipping: [localhost] => (item={'organization': None, 'name': 'supplychain', 'country': 'UK', 'state': 'London', 'location': 'London', 'subject': 'O=Orderer,L=51.50/-0.13/London,C=GB', 'type': 'orderer', 'external_url_suffix': 'supplychain-net.svc.cluster.local', 'org_status': 'existing', 'ca_data': {'url': 'ca.supplychain-net:7054', 'certificate': 'file/server.crt'}, 'cloud_provider': 'azure', 'k8s': {'region': 'cluster_region', 'context': 'fabric-aks-dev1', 'config_file': '/Users/s0s0dit/project/blockchain-automation-framework/build/kubeconfig.yaml'}, 'vault': {'url': 'http://vault.suneelbaf.svc.cluster.local:8200', 'root_token': 's.V28i17sRnBQyQV55J3jHp0hu'}, 'gitops': {'git_ssh': 'ssh://git@github.com/bafsunsu/blockchain-automation-framework.git', 'branch': 'local', 'release_dir': 'platforms/hyperledger-fabric/releases/dev', 'chart_source': 'platforms/hyperledger-fabric/charts', 'git_push_url': 'github.com/bafsunsu/blockchain-automation-framework.git', 'username': 'bafsunsu', 'password': 'bafsunsu2020', 'email': 's.unil18031992@gmail.com', 'private_key': '/Users/s0s0dit/project/blockchain-automation-framework/build/gitops'}, 'services': {'ca': {'name': 'ca', 'subject': '/C=GB/ST=London/L=London/O=Orderer/CN=ca.supplychain-net', 'type': 'ca', 'grpc': {'port': 7054}}, 'consensus': {'name': 'raft', 'type': 'broker', 'replicas': 4, 'grpc': {'port': 9092}}, 'orderers': [{'orderer': None, 'name': 'orderer3', 'type': 'orderer', 'consensus': 'raft', 'grpc': {'port': 7050}}]}})  => {
    "ansible_loop_var": "item",
    "changed": false,
    "item": {
        "ca_data": {
            "certificate": "file/server.crt",
            "url": "ca.supplychain-net:7054"
        },
        "cloud_provider": "azure",
        "country": "UK",
        "external_url_suffix": "supplychain-net.svc.cluster.local",
        "gitops": {
            "branch": "local",
            "chart_source": "platforms/hyperledger-fabric/charts",
            "email": "s.unil18031992@gmail.com",
            "git_push_url": "github.com/bafsunsu/blockchain-automation-framework.git",
            "git_ssh": "ssh://git@github.com/bafsunsu/blockchain-automation-framework.git",
            "password": "bafsunsu2020",
            "private_key": "/Users/s0s0dit/project/blockchain-automation-framework/build/gitops",
            "release_dir": "platforms/hyperledger-fabric/releases/dev",
            "username": "bafsunsu"
        },
        "k8s": {
            "config_file": "/Users/s0s0dit/project/blockchain-automation-framework/build/kubeconfig.yaml",
            "context": "fabric-aks-dev1",
            "region": "cluster_region"
        },
        "location": "London",
        "name": "supplychain",
        "org_status": "existing",
        "organization": null,
        "services": {
            "ca": {
                "grpc": {
                    "port": 7054
                },
                "name": "ca",
                "subject": "/C=GB/ST=London/L=London/O=Orderer/CN=ca.supplychain-net",
                "type": "ca"
            },
            "consensus": {
                "grpc": {
                    "port": 9092
                },
                "name": "raft",
                "replicas": 4,
                "type": "broker"
            },
            "orderers": [
                {
                    "consensus": "raft",
                    "grpc": {
                        "port": 7050
                    },
                    "name": "orderer3",
                    "orderer": null,
                    "type": "orderer"
                }
            ]
        },
        "state": "London",
        "subject": "O=Orderer,L=51.50/-0.13/London,C=GB",
        "type": "orderer",
        "vault": {
            "root_token": "s.V28i17sRnBQyQV55J3jHp0hu",
            "url": "http://vault.suneelbaf.svc.cluster.local:8200"
        }
    },
    "skip_reason": "Conditional result was False"
}

TASK [create/peers : Write the couchdb credentials to Vault] *******************
task path: /Users/s0s0dit/project/blockchain-automation-framework/platforms/hyperledger-fabric/configuration/roles/create/peers/tasks/main.yaml:8
<localhost> ESTABLISH LOCAL CONNECTION FOR USER: root
<localhost> EXEC /bin/sh -c 'echo ~root && sleep 0'
<localhost> EXEC /bin/sh -c '( umask 77 && mkdir -p "` echo /root/.ansible/tmp `"&& mkdir "` echo /root/.ansible/tmp/ansible-tmp-1604401324.4431734-24992-263187585056722 `" && echo ansible-tmp-1604401324.4431734-24992-263187585056722="` echo /root/.ansible/tmp/ansible-tmp-1604401324.4431734-24992-263187585056722 `" ) && sleep 0'
Using module file /usr/local/lib/python3.6/dist-packages/ansible/modules/command.py
<localhost> PUT /root/.ansible/tmp/ansible-local-24945zhc_rm96/tmpilru157j TO /root/.ansible/tmp/ansible-tmp-1604401324.4431734-24992-263187585056722/AnsiballZ_command.py
<localhost> EXEC /bin/sh -c 'chmod u+x /root/.ansible/tmp/ansible-tmp-1604401324.4431734-24992-263187585056722/ /root/.ansible/tmp/ansible-tmp-1604401324.4431734-24992-263187585056722/AnsiballZ_command.py && sleep 0'
<localhost> EXEC /bin/sh -c 'VAULT_ADDR=http://vault.suneelbaf.svc.cluster.local:8200 VAULT_TOKEN=s.V28i17sRnBQyQV55J3jHp0hu /usr/bin/python3 /root/.ansible/tmp/ansible-tmp-1604401324.4431734-24992-263187585056722/AnsiballZ_command.py && sleep 0'
<localhost> EXEC /bin/sh -c 'rm -f -r /root/.ansible/tmp/ansible-tmp-1604401324.4431734-24992-263187585056722/ > /dev/null 2>&1 && sleep 0'
changed: [localhost] => {
    "changed": true,
    "cmd": "vault write secret/credentials/carrier-net/couchdb/carrier user=\"admin123\"\n",
    "delta": "0:00:00.082364",
    "end": "2020-11-03 11:02:04.774583",
    "invocation": {
        "module_args": {
            "_raw_params": "vault write secret/credentials/carrier-net/couchdb/carrier user=\"admin123\"\n",
            "_uses_shell": true,
            "argv": null,
            "chdir": null,
            "creates": null,
            "executable": null,
            "removes": null,
            "stdin": null,
            "stdin_add_newline": true,
            "strip_empty_ends": true,
            "warn": true
        }
    },
    "rc": 0,
    "start": "2020-11-03 11:02:04.692219",
    "stderr": "",
    "stderr_lines": [],
    "stdout": "Success! Data written to: secret/credentials/carrier-net/couchdb/carrier",
    "stdout_lines": [
        "Success! Data written to: secret/credentials/carrier-net/couchdb/carrier"
    ]
}

TASK [Create Value files for Organization Peers] *******************************
task path: /Users/s0s0dit/project/blockchain-automation-framework/platforms/hyperledger-fabric/configuration/roles/create/peers/tasks/main.yaml:17
skipping: [localhost] => (item={'peer': None, 'name': 'peer0', 'type': 'anchor', 'gossippeeraddress': 'peer0.carrier-net:7051', 'peerAddress': 'peer0.carrier-net.svc.cluster.local:7051', 'peerstatus': 'existing', 'cli': 'enabled', 'grpc': {'port': 7051}, 'events': {'port': 7053}, 'couchdb': {'port': 5984}, 'restserver': {'targetPort': 20001, 'port': 20001}, 'expressapi': {'targetPort': 3000, 'port': 3000}})  => {
    "ansible_loop_var": "peer",
    "changed": false,
    "peer": {
        "cli": "enabled",
        "couchdb": {
            "port": 5984
        },
        "events": {
            "port": 7053
        },
        "expressapi": {
            "port": 3000,
            "targetPort": 3000
        },
        "gossippeeraddress": "peer0.carrier-net:7051",
        "grpc": {
            "port": 7051
        },
        "name": "peer0",
        "peer": null,
        "peerAddress": "peer0.carrier-net.svc.cluster.local:7051",
        "peerstatus": "existing",
        "restserver": {
            "port": 20001,
            "targetPort": 20001
        },
        "type": "anchor"
    },
    "skip_reason": "Conditional result was False"
}

TASK [helm_component : Ensures /Users/s0s0dit/project/blockchain-automation-framework/platforms/hyperledger-fabric/configuration/../../../platforms/hyperledger-fabric/releases/dev/carrier/carrier dir exists] ***
task path: /Users/s0s0dit/project/blockchain-automation-framework/platforms/hyperledger-fabric/configuration/roles/helm_component/tasks/main.yaml:8
<localhost> ESTABLISH LOCAL CONNECTION FOR USER: root
<localhost> EXEC /bin/sh -c 'echo ~root && sleep 0'
<localhost> EXEC /bin/sh -c '( umask 77 && mkdir -p "` echo /root/.ansible/tmp `"&& mkdir "` echo /root/.ansible/tmp/ansible-tmp-1604401324.9088085-25030-182835104507286 `" && echo ansible-tmp-1604401324.9088085-25030-182835104507286="` echo /root/.ansible/tmp/ansible-tmp-1604401324.9088085-25030-182835104507286 `" ) && sleep 0'
Using module file /usr/local/lib/python3.6/dist-packages/ansible/modules/file.py
<localhost> PUT /root/.ansible/tmp/ansible-local-24945zhc_rm96/tmpubr2ajim TO /root/.ansible/tmp/ansible-tmp-1604401324.9088085-25030-182835104507286/AnsiballZ_file.py
<localhost> EXEC /bin/sh -c 'chmod u+x /root/.ansible/tmp/ansible-tmp-1604401324.9088085-25030-182835104507286/ /root/.ansible/tmp/ansible-tmp-1604401324.9088085-25030-182835104507286/AnsiballZ_file.py && sleep 0'
<localhost> EXEC /bin/sh -c '/usr/bin/python3 /root/.ansible/tmp/ansible-tmp-1604401324.9088085-25030-182835104507286/AnsiballZ_file.py && sleep 0'
<localhost> EXEC /bin/sh -c 'rm -f -r /root/.ansible/tmp/ansible-tmp-1604401324.9088085-25030-182835104507286/ > /dev/null 2>&1 && sleep 0'
ok: [localhost] => {
    "changed": false,
    "diff": {
        "after": {
            "path": "/Users/s0s0dit/project/blockchain-automation-framework/platforms/hyperledger-fabric/configuration/../../../platforms/hyperledger-fabric/releases/dev/carrier/carrier"
        },
        "before": {
            "path": "/Users/s0s0dit/project/blockchain-automation-framework/platforms/hyperledger-fabric/configuration/../../../platforms/hyperledger-fabric/releases/dev/carrier/carrier"
        }
    },
    "gid": 0,
    "group": "root",
    "invocation": {
        "module_args": {
            "_diff_peek": null,
            "_original_basename": null,
            "access_time": null,
            "access_time_format": "%Y%m%d%H%M.%S",
            "attributes": null,
            "follow": true,
            "force": false,
            "group": null,
            "mode": null,
            "modification_time": null,
            "modification_time_format": "%Y%m%d%H%M.%S",
            "owner": null,
            "path": "/Users/s0s0dit/project/blockchain-automation-framework/platforms/hyperledger-fabric/configuration/../../../platforms/hyperledger-fabric/releases/dev/carrier/carrier",
            "recurse": false,
            "selevel": null,
            "serole": null,
            "setype": null,
            "seuser": null,
            "src": null,
            "state": "directory",
            "unsafe_writes": false
        }
    },
    "mode": "0755",
    "owner": "root",
    "path": "/Users/s0s0dit/project/blockchain-automation-framework/platforms/hyperledger-fabric/configuration/../../../platforms/hyperledger-fabric/releases/dev/carrier/carrier",
    "size": 4096,
    "state": "directory",
    "uid": 0
}

TASK [helm_component : Check if the value file is already present] *************
task path: /Users/s0s0dit/project/blockchain-automation-framework/platforms/hyperledger-fabric/configuration/roles/helm_component/tasks/main.yaml:15
<localhost> ESTABLISH LOCAL CONNECTION FOR USER: root
<localhost> EXEC /bin/sh -c 'echo ~root && sleep 0'
<localhost> EXEC /bin/sh -c '( umask 77 && mkdir -p "` echo /root/.ansible/tmp `"&& mkdir "` echo /root/.ansible/tmp/ansible-tmp-1604401325.0994365-25056-116563415059673 `" && echo ansible-tmp-1604401325.0994365-25056-116563415059673="` echo /root/.ansible/tmp/ansible-tmp-1604401325.0994365-25056-116563415059673 `" ) && sleep 0'
Using module file /usr/local/lib/python3.6/dist-packages/ansible/modules/stat.py
<localhost> PUT /root/.ansible/tmp/ansible-local-24945zhc_rm96/tmpn3eeuv3i TO /root/.ansible/tmp/ansible-tmp-1604401325.0994365-25056-116563415059673/AnsiballZ_stat.py
<localhost> EXEC /bin/sh -c 'chmod u+x /root/.ansible/tmp/ansible-tmp-1604401325.0994365-25056-116563415059673/ /root/.ansible/tmp/ansible-tmp-1604401325.0994365-25056-116563415059673/AnsiballZ_stat.py && sleep 0'
<localhost> EXEC /bin/sh -c '/usr/bin/python3 /root/.ansible/tmp/ansible-tmp-1604401325.0994365-25056-116563415059673/AnsiballZ_stat.py && sleep 0'
<localhost> EXEC /bin/sh -c 'rm -f -r /root/.ansible/tmp/ansible-tmp-1604401325.0994365-25056-116563415059673/ > /dev/null 2>&1 && sleep 0'
ok: [localhost] => {
    "changed": false,
    "invocation": {
        "module_args": {
            "checksum_algorithm": "sha1",
            "follow": false,
            "get_attributes": true,
            "get_checksum": true,
            "get_md5": false,
            "get_mime": true,
            "path": "/Users/s0s0dit/project/blockchain-automation-framework/platforms/hyperledger-fabric/configuration/../../../platforms/hyperledger-fabric/releases/dev/carrier/carrier/values-peer1.yaml"
        }
    },
    "stat": {
        "atime": 1604400685.021094,
        "attr_flags": "e",
        "attributes": [
            "extents"
        ],
        "block_size": 4096,
        "blocks": 8,
        "charset": "us-ascii",
        "checksum": "f1396725ec3a86db6bbc83c46ea9201e1b3f763c",
        "ctime": 1604400684.8010907,
        "dev": 2080,
        "device_type": 0,
        "executable": false,
        "exists": true,
        "gid": 0,
        "gr_name": "root",
        "inode": 4641,
        "isblk": false,
        "ischr": false,
        "isdir": false,
        "isfifo": false,
        "isgid": false,
        "islnk": false,
        "isreg": true,
        "issock": false,
        "isuid": false,
        "mimetype": "text/plain",
        "mode": "0644",
        "mtime": 1604400684.5250866,
        "nlink": 1,
        "path": "/Users/s0s0dit/project/blockchain-automation-framework/platforms/hyperledger-fabric/configuration/../../../platforms/hyperledger-fabric/releases/dev/carrier/carrier/values-peer1.yaml",
        "pw_name": "root",
        "readable": true,
        "rgrp": true,
        "roth": true,
        "rusr": true,
        "size": 1826,
        "uid": 0,
        "version": "956384838",
        "wgrp": false,
        "woth": false,
        "writeable": true,
        "wusr": true,
        "xgrp": false,
        "xoth": false,
        "xusr": false
    }
}

TASK [helm_component : create value file for values-peer1] *********************
task path: /Users/s0s0dit/project/blockchain-automation-framework/platforms/hyperledger-fabric/configuration/roles/helm_component/tasks/main.yaml:24
skipping: [localhost] => {
    "changed": false,
    "skip_reason": "Conditional result was False"
}

TASK [Helm lint] ***************************************************************
task path: /Users/s0s0dit/project/blockchain-automation-framework/platforms/hyperledger-fabric/configuration/roles/helm_component/tasks/main.yaml:34

TASK [/Users/s0s0dit/project/blockchain-automation-framework/platforms/hyperledger-fabric/configuration/../../shared/configuration/roles/helm_lint : Check if value file exists] ***
task path: /Users/s0s0dit/project/blockchain-automation-framework/platforms/shared/configuration/roles/helm_lint/tasks/main.yaml:10
<localhost> ESTABLISH LOCAL CONNECTION FOR USER: root
<localhost> EXEC /bin/sh -c 'echo ~root && sleep 0'
<localhost> EXEC /bin/sh -c '( umask 77 && mkdir -p "` echo /root/.ansible/tmp `"&& mkdir "` echo /root/.ansible/tmp/ansible-tmp-1604401325.4841087-25088-184759522802944 `" && echo ansible-tmp-1604401325.4841087-25088-184759522802944="` echo /root/.ansible/tmp/ansible-tmp-1604401325.4841087-25088-184759522802944 `" ) && sleep 0'
Using module file /usr/local/lib/python3.6/dist-packages/ansible/modules/stat.py
<localhost> PUT /root/.ansible/tmp/ansible-local-24945zhc_rm96/tmpaidvdzhq TO /root/.ansible/tmp/ansible-tmp-1604401325.4841087-25088-184759522802944/AnsiballZ_stat.py
<localhost> EXEC /bin/sh -c 'chmod u+x /root/.ansible/tmp/ansible-tmp-1604401325.4841087-25088-184759522802944/ /root/.ansible/tmp/ansible-tmp-1604401325.4841087-25088-184759522802944/AnsiballZ_stat.py && sleep 0'
<localhost> EXEC /bin/sh -c '/usr/bin/python3 /root/.ansible/tmp/ansible-tmp-1604401325.4841087-25088-184759522802944/AnsiballZ_stat.py && sleep 0'
<localhost> EXEC /bin/sh -c 'rm -f -r /root/.ansible/tmp/ansible-tmp-1604401325.4841087-25088-184759522802944/ > /dev/null 2>&1 && sleep 0'
ok: [localhost] => {
    "changed": false,
    "invocation": {
        "module_args": {
            "checksum_algorithm": "sha1",
            "follow": false,
            "get_attributes": true,
            "get_checksum": true,
            "get_md5": false,
            "get_mime": true,
            "path": "/Users/s0s0dit/project/blockchain-automation-framework/platforms/hyperledger-fabric/configuration/../../../platforms/hyperledger-fabric/releases/dev/carrier/carrier/values-peer1.yaml"
        }
    },
    "stat": {
        "atime": 1604400685.021094,
        "attr_flags": "e",
        "attributes": [
            "extents"
        ],
        "block_size": 4096,
        "blocks": 8,
        "charset": "us-ascii",
        "checksum": "f1396725ec3a86db6bbc83c46ea9201e1b3f763c",
        "ctime": 1604400684.8010907,
        "dev": 2080,
        "device_type": 0,
        "executable": false,
        "exists": true,
        "gid": 0,
        "gr_name": "root",
        "inode": 4641,
        "isblk": false,
        "ischr": false,
        "isdir": false,
        "isfifo": false,
        "isgid": false,
        "islnk": false,
        "isreg": true,
        "issock": false,
        "isuid": false,
        "mimetype": "text/plain",
        "mode": "0644",
        "mtime": 1604400684.5250866,
        "nlink": 1,
        "path": "/Users/s0s0dit/project/blockchain-automation-framework/platforms/hyperledger-fabric/configuration/../../../platforms/hyperledger-fabric/releases/dev/carrier/carrier/values-peer1.yaml",
        "pw_name": "root",
        "readable": true,
        "rgrp": true,
        "roth": true,
        "rusr": true,
        "size": 1826,
        "uid": 0,
        "version": "956384838",
        "wgrp": false,
        "woth": false,
        "writeable": true,
        "wusr": true,
        "xgrp": false,
        "xoth": false,
        "xusr": false
    }
}

TASK [Check or create test directory] ******************************************
task path: /Users/s0s0dit/project/blockchain-automation-framework/platforms/shared/configuration/roles/helm_lint/tasks/main.yaml:16
redirecting (type: modules) ansible.builtin.k8s_info to community.kubernetes.k8s_info

TASK [../../shared/configuration/roles/check/setup : check if dir exists or not] ***
task path: /Users/s0s0dit/project/blockchain-automation-framework/platforms/shared/configuration/roles/check/setup/tasks/main.yaml:3
<localhost> ESTABLISH LOCAL CONNECTION FOR USER: root
<localhost> EXEC /bin/sh -c 'echo ~root && sleep 0'
<localhost> EXEC /bin/sh -c '( umask 77 && mkdir -p "` echo /root/.ansible/tmp `"&& mkdir "` echo /root/.ansible/tmp/ansible-tmp-1604401325.719627-25118-119810290328323 `" && echo ansible-tmp-1604401325.719627-25118-119810290328323="` echo /root/.ansible/tmp/ansible-tmp-1604401325.719627-25118-119810290328323 `" ) && sleep 0'
Using module file /usr/local/lib/python3.6/dist-packages/ansible/modules/stat.py
<localhost> PUT /root/.ansible/tmp/ansible-local-24945zhc_rm96/tmptc0zg5lc TO /root/.ansible/tmp/ansible-tmp-1604401325.719627-25118-119810290328323/AnsiballZ_stat.py
<localhost> EXEC /bin/sh -c 'chmod u+x /root/.ansible/tmp/ansible-tmp-1604401325.719627-25118-119810290328323/ /root/.ansible/tmp/ansible-tmp-1604401325.719627-25118-119810290328323/AnsiballZ_stat.py && sleep 0'
<localhost> EXEC /bin/sh -c '/usr/bin/python3 /root/.ansible/tmp/ansible-tmp-1604401325.719627-25118-119810290328323/AnsiballZ_stat.py && sleep 0'
<localhost> EXEC /bin/sh -c 'rm -f -r /root/.ansible/tmp/ansible-tmp-1604401325.719627-25118-119810290328323/ > /dev/null 2>&1 && sleep 0'
ok: [localhost] => {
    "changed": false,
    "invocation": {
        "module_args": {
            "checksum_algorithm": "sha1",
            "follow": false,
            "get_attributes": true,
            "get_checksum": true,
            "get_md5": false,
            "get_mime": true,
            "path": "./build/test"
        }
    },
    "stat": {
        "exists": false
    }
}

TASK [../../shared/configuration/roles/check/setup : Ensures dir exists] *******
task path: /Users/s0s0dit/project/blockchain-automation-framework/platforms/shared/configuration/roles/check/setup/tasks/main.yaml:11
<localhost> ESTABLISH LOCAL CONNECTION FOR USER: root
<localhost> EXEC /bin/sh -c 'echo ~root && sleep 0'
<localhost> EXEC /bin/sh -c '( umask 77 && mkdir -p "` echo /root/.ansible/tmp `"&& mkdir "` echo /root/.ansible/tmp/ansible-tmp-1604401325.8971894-25144-11234127646107 `" && echo ansible-tmp-1604401325.8971894-25144-11234127646107="` echo /root/.ansible/tmp/ansible-tmp-1604401325.8971894-25144-11234127646107 `" ) && sleep 0'
Using module file /usr/local/lib/python3.6/dist-packages/ansible/modules/file.py
<localhost> PUT /root/.ansible/tmp/ansible-local-24945zhc_rm96/tmpokimp0ti TO /root/.ansible/tmp/ansible-tmp-1604401325.8971894-25144-11234127646107/AnsiballZ_file.py
<localhost> EXEC /bin/sh -c 'chmod u+x /root/.ansible/tmp/ansible-tmp-1604401325.8971894-25144-11234127646107/ /root/.ansible/tmp/ansible-tmp-1604401325.8971894-25144-11234127646107/AnsiballZ_file.py && sleep 0'
<localhost> EXEC /bin/sh -c '/usr/bin/python3 /root/.ansible/tmp/ansible-tmp-1604401325.8971894-25144-11234127646107/AnsiballZ_file.py && sleep 0'
<localhost> EXEC /bin/sh -c 'rm -f -r /root/.ansible/tmp/ansible-tmp-1604401325.8971894-25144-11234127646107/ > /dev/null 2>&1 && sleep 0'
changed: [localhost] => {
    "changed": true,
    "diff": {
        "after": {
            "path": "./build/test",
            "state": "directory"
        },
        "before": {
            "path": "./build/test",
            "state": "absent"
        }
    },
    "gid": 0,
    "group": "root",
    "invocation": {
        "module_args": {
            "_diff_peek": null,
            "_original_basename": null,
            "access_time": null,
            "access_time_format": "%Y%m%d%H%M.%S",
            "attributes": null,
            "follow": true,
            "force": false,
            "group": null,
            "mode": "0755",
            "modification_time": null,
            "modification_time_format": "%Y%m%d%H%M.%S",
            "owner": null,
            "path": "./build/test",
            "recurse": true,
            "selevel": null,
            "serole": null,
            "setype": null,
            "seuser": null,
            "src": null,
            "state": "directory",
            "unsafe_writes": false
        }
    },
    "mode": "0755",
    "owner": "root",
    "path": "./build/test",
    "size": 4096,
    "state": "directory",
    "uid": 0
}

TASK [../../shared/configuration/roles/check/setup : Check if Kubernetes-auth already created for Organization] ***
task path: /Users/s0s0dit/project/blockchain-automation-framework/platforms/shared/configuration/roles/check/setup/tasks/main.yaml:20
skipping: [localhost] => {
    "changed": false,
    "skip_reason": "Conditional result was False"
}

TASK [../../shared/configuration/roles/check/setup : Check if policy exists] ***
task path: /Users/s0s0dit/project/blockchain-automation-framework/platforms/shared/configuration/roles/check/setup/tasks/main.yaml:30
skipping: [localhost] => {
    "changed": false,
    "skip_reason": "Conditional result was False"
}

TASK [../../shared/configuration/roles/check/setup : Check docker cred exists] ***
task path: /Users/s0s0dit/project/blockchain-automation-framework/platforms/shared/configuration/roles/check/setup/tasks/main.yaml:41
skipping: [localhost] => {
    "changed": false,
    "skip_reason": "Conditional result was False"
}

TASK [/Users/s0s0dit/project/blockchain-automation-framework/platforms/hyperledger-fabric/configuration/../../shared/configuration/roles/helm_lint : Load file into memory] ***
task path: /Users/s0s0dit/project/blockchain-automation-framework/platforms/shared/configuration/roles/helm_lint/tasks/main.yaml:25
ok: [localhost] => {
    "ansible_facts": {
        "apiVersion": "flux.weave.works/v1beta1",
        "kind": "HelmRelease",
        "metadata": {
            "annotations": {
                "flux.weave.works/automated": "false"
            },
            "name": "carrier-peer1",
            "namespace": "carrier-net"
        },
        "spec": {
            "chart": {
                "git": "ssh://git@github.com/bafsunsu/blockchain-automation-framework.git",
                "path": "platforms/hyperledger-fabric/charts/peernode",
                "ref": "local"
            },
            "releaseName": "carrier-peer1",
            "values": {
                "metadata": {
                    "images": {
                        "alpineutils": "index.docker.io/hyperledgerlabs/alpine-utils:1.0",
                        "couchdb": "hyperledger/fabric-couchdb:0.4.18",
                        "peer": "hyperledger/fabric-peer:2.0.0"
                    },
                    "namespace": "carrier-net"
                },
                "peer": {
                    "builder": "hyperledger/fabric-ccenv:2.0.0",
                    "couchdb": {
                        "username": "carrier-user"
                    },
                    "gossipexternalendpoint": "peer1.carrier-net.carrier-net.svc.cluster.local:8443",
                    "gossippeeraddress": "peer0.carrier-net:7051",
                    "localmspid": "carrierMSP",
                    "loglevel": "info",
                    "name": "peer1",
                    "tlsstatus": true
                },
                "proxy": {
                    "external_url_suffix": "carrier-net.svc.cluster.local",
                    "provider": "haproxy"
                },
                "service": {
                    "ports": {
                        "couchdb": {
                            "clusteripport": 5994
                        },
                        "events": {
                            "clusteripport": 7063
                        },
                        "grpc": {
                            "clusteripport": 7061
                        }
                    },
                    "servicetype": "ClusterIP"
                },
                "storage": {
                    "couchdb": {
                        "storageclassname": "carriersc",
                        "storagesize": "1Gi"
                    },
                    "peer": {
                        "storageclassname": "carriersc",
                        "storagesize": "512Mi"
                    }
                },
                "vault": {
                    "address": "http://vault.suneelbaf.svc.cluster.local:8200",
                    "authpath": "carrier-net-auth",
                    "imagesecretname": "regcred",
                    "role": "vault-role",
                    "secretambassador": "secret/crypto/peerOrganizations/carrier-net/ambassador",
                    "secretcouchdbpass": "secret/credentials/carrier-net/couchdb/carrier?user",
                    "secretprefix": "secret/crypto/peerOrganizations/carrier-net/peers/peer1.carrier-net",
                    "serviceaccountname": "vault-auth"
                }
            }
        }
    },
    "ansible_included_var_files": [
        "/Users/s0s0dit/project/blockchain-automation-framework/platforms/hyperledger-fabric/releases/dev/carrier/carrier/values-peer1.yaml"
    ],
    "changed": false
}

TASK [/Users/s0s0dit/project/blockchain-automation-framework/platforms/hyperledger-fabric/configuration/../../shared/configuration/roles/helm_lint : Create value file] ***
task path: /Users/s0s0dit/project/blockchain-automation-framework/platforms/shared/configuration/roles/helm_lint/tasks/main.yaml:30
<localhost> ESTABLISH LOCAL CONNECTION FOR USER: root
<localhost> EXEC /bin/sh -c 'echo ~root && sleep 0'
<localhost> EXEC /bin/sh -c '( umask 77 && mkdir -p "` echo /root/.ansible/tmp `"&& mkdir "` echo /root/.ansible/tmp/ansible-tmp-1604401326.1972852-25178-227104439512055 `" && echo ansible-tmp-1604401326.1972852-25178-227104439512055="` echo /root/.ansible/tmp/ansible-tmp-1604401326.1972852-25178-227104439512055 `" ) && sleep 0'
Using module file /usr/local/lib/python3.6/dist-packages/ansible/modules/stat.py
<localhost> PUT /root/.ansible/tmp/ansible-local-24945zhc_rm96/tmplzo3i4di TO /root/.ansible/tmp/ansible-tmp-1604401326.1972852-25178-227104439512055/AnsiballZ_stat.py
<localhost> EXEC /bin/sh -c 'chmod u+x /root/.ansible/tmp/ansible-tmp-1604401326.1972852-25178-227104439512055/ /root/.ansible/tmp/ansible-tmp-1604401326.1972852-25178-227104439512055/AnsiballZ_stat.py && sleep 0'
<localhost> EXEC /bin/sh -c '/usr/bin/python3 /root/.ansible/tmp/ansible-tmp-1604401326.1972852-25178-227104439512055/AnsiballZ_stat.py && sleep 0'
<localhost> PUT /root/.ansible/tmp/ansible-local-24945zhc_rm96/tmp55c12n5m TO /root/.ansible/tmp/ansible-tmp-1604401326.1972852-25178-227104439512055/source
<localhost> EXEC /bin/sh -c 'chmod u+x /root/.ansible/tmp/ansible-tmp-1604401326.1972852-25178-227104439512055/ /root/.ansible/tmp/ansible-tmp-1604401326.1972852-25178-227104439512055/source && sleep 0'
Using module file /usr/local/lib/python3.6/dist-packages/ansible/modules/copy.py
<localhost> PUT /root/.ansible/tmp/ansible-local-24945zhc_rm96/tmpcjb5r5z6 TO /root/.ansible/tmp/ansible-tmp-1604401326.1972852-25178-227104439512055/AnsiballZ_copy.py
<localhost> EXEC /bin/sh -c 'chmod u+x /root/.ansible/tmp/ansible-tmp-1604401326.1972852-25178-227104439512055/ /root/.ansible/tmp/ansible-tmp-1604401326.1972852-25178-227104439512055/AnsiballZ_copy.py && sleep 0'
<localhost> EXEC /bin/sh -c '/usr/bin/python3 /root/.ansible/tmp/ansible-tmp-1604401326.1972852-25178-227104439512055/AnsiballZ_copy.py && sleep 0'
<localhost> EXEC /bin/sh -c 'rm -f -r /root/.ansible/tmp/ansible-tmp-1604401326.1972852-25178-227104439512055/ > /dev/null 2>&1 && sleep 0'
changed: [localhost] => {
    "changed": true,
    "checksum": "9869079435c373e9a700656f153ee133ebf465c4",
    "dest": "./build/test/carrier-peer1.yaml",
    "diff": [],
    "gid": 0,
    "group": "root",
    "invocation": {
        "module_args": {
            "_original_basename": "tmp55c12n5m",
            "attributes": null,
            "backup": false,
            "checksum": "9869079435c373e9a700656f153ee133ebf465c4",
            "content": null,
            "dest": "./build/test/carrier-peer1.yaml",
            "directory_mode": null,
            "follow": false,
            "force": true,
            "group": null,
            "local_follow": null,
            "mode": null,
            "owner": null,
            "remote_src": null,
            "selevel": null,
            "serole": null,
            "setype": null,
            "seuser": null,
            "src": "/root/.ansible/tmp/ansible-tmp-1604401326.1972852-25178-227104439512055/source",
            "unsafe_writes": false,
            "validate": null
        }
    },
    "md5sum": "d7a83fef4f7e69310f7a4a7fde22a8ed",
    "mode": "0644",
    "owner": "root",
    "size": 1367,
    "src": "/root/.ansible/tmp/ansible-tmp-1604401326.1972852-25178-227104439512055/source",
    "state": "file",
    "uid": 0
}

TASK [/Users/s0s0dit/project/blockchain-automation-framework/platforms/hyperledger-fabric/configuration/../../shared/configuration/roles/helm_lint : Run helm lint] ***
task path: /Users/s0s0dit/project/blockchain-automation-framework/platforms/shared/configuration/roles/helm_lint/tasks/main.yaml:35
<localhost> ESTABLISH LOCAL CONNECTION FOR USER: root
<localhost> EXEC /bin/sh -c 'echo ~root && sleep 0'
<localhost> EXEC /bin/sh -c '( umask 77 && mkdir -p "` echo /root/.ansible/tmp `"&& mkdir "` echo /root/.ansible/tmp/ansible-tmp-1604401326.7990263-25218-129789617822906 `" && echo ansible-tmp-1604401326.7990263-25218-129789617822906="` echo /root/.ansible/tmp/ansible-tmp-1604401326.7990263-25218-129789617822906 `" ) && sleep 0'
Using module file /usr/local/lib/python3.6/dist-packages/ansible/modules/command.py
<localhost> PUT /root/.ansible/tmp/ansible-local-24945zhc_rm96/tmpafrulue7 TO /root/.ansible/tmp/ansible-tmp-1604401326.7990263-25218-129789617822906/AnsiballZ_command.py
<localhost> EXEC /bin/sh -c 'chmod u+x /root/.ansible/tmp/ansible-tmp-1604401326.7990263-25218-129789617822906/ /root/.ansible/tmp/ansible-tmp-1604401326.7990263-25218-129789617822906/AnsiballZ_command.py && sleep 0'
<localhost> EXEC /bin/sh -c '/usr/bin/python3 /root/.ansible/tmp/ansible-tmp-1604401326.7990263-25218-129789617822906/AnsiballZ_command.py && sleep 0'
<localhost> EXEC /bin/sh -c 'rm -f -r /root/.ansible/tmp/ansible-tmp-1604401326.7990263-25218-129789617822906/ > /dev/null 2>&1 && sleep 0'
changed: [localhost] => {
    "changed": true,
    "cmd": "helm lint -f \"./build/test/carrier-peer1.yaml\" \"/Users/s0s0dit/project/blockchain-automation-framework/platforms/hyperledger-fabric/configuration/../../../platforms/hyperledger-fabric/charts/peernode\"\n",
    "delta": "0:00:00.061263",
    "end": "2020-11-03 11:02:06.990863",
    "invocation": {
        "module_args": {
            "_raw_params": "helm lint -f \"./build/test/carrier-peer1.yaml\" \"/Users/s0s0dit/project/blockchain-automation-framework/platforms/hyperledger-fabric/configuration/../../../platforms/hyperledger-fabric/charts/peernode\"\n",
            "_uses_shell": true,
            "argv": null,
            "chdir": null,
            "creates": null,
            "executable": null,
            "removes": null,
            "stdin": null,
            "stdin_add_newline": true,
            "strip_empty_ends": true,
            "warn": true
        }
    },
    "rc": 0,
    "start": "2020-11-03 11:02:06.929600",
    "stderr": "",
    "stderr_lines": [],
    "stdout": "==> Linting /Users/s0s0dit/project/blockchain-automation-framework/platforms/hyperledger-fabric/configuration/../../../platforms/hyperledger-fabric/charts/peernode\n[INFO] Chart.yaml: icon is recommended\n\n1 chart(s) linted, no failures",
    "stdout_lines": [
        "==> Linting /Users/s0s0dit/project/blockchain-automation-framework/platforms/hyperledger-fabric/configuration/../../../platforms/hyperledger-fabric/charts/peernode",
        "[INFO] Chart.yaml: icon is recommended",
        "",
        "1 chart(s) linted, no failures"
    ]
}

TASK [Git Push] ****************************************************************
task path: /Users/s0s0dit/project/blockchain-automation-framework/platforms/hyperledger-fabric/configuration/roles/create/peers/tasks/main.yaml:36

TASK [/Users/s0s0dit/project/blockchain-automation-framework/platforms/hyperledger-fabric/configuration/../../shared/configuration/roles/git_push : Check if directory: /Users/s0s0dit/project/blockchain-automation-framework/platforms/hyperledger-fabric/configuration/../../../ exists] ***
task path: /Users/s0s0dit/project/blockchain-automation-framework/platforms/shared/configuration/roles/git_push/tasks/main.yaml:3
<localhost> ESTABLISH LOCAL CONNECTION FOR USER: root
<localhost> EXEC /bin/sh -c 'echo ~root && sleep 0'
<localhost> EXEC /bin/sh -c '( umask 77 && mkdir -p "` echo /root/.ansible/tmp `"&& mkdir "` echo /root/.ansible/tmp/ansible-tmp-1604401327.078933-25252-159713386455653 `" && echo ansible-tmp-1604401327.078933-25252-159713386455653="` echo /root/.ansible/tmp/ansible-tmp-1604401327.078933-25252-159713386455653 `" ) && sleep 0'
Using module file /usr/local/lib/python3.6/dist-packages/ansible/modules/file.py
<localhost> PUT /root/.ansible/tmp/ansible-local-24945zhc_rm96/tmpjogzv8ku TO /root/.ansible/tmp/ansible-tmp-1604401327.078933-25252-159713386455653/AnsiballZ_file.py
<localhost> EXEC /bin/sh -c 'chmod u+x /root/.ansible/tmp/ansible-tmp-1604401327.078933-25252-159713386455653/ /root/.ansible/tmp/ansible-tmp-1604401327.078933-25252-159713386455653/AnsiballZ_file.py && sleep 0'
<localhost> EXEC /bin/sh -c '/usr/bin/python3 /root/.ansible/tmp/ansible-tmp-1604401327.078933-25252-159713386455653/AnsiballZ_file.py && sleep 0'
<localhost> EXEC /bin/sh -c 'rm -f -r /root/.ansible/tmp/ansible-tmp-1604401327.078933-25252-159713386455653/ > /dev/null 2>&1 && sleep 0'
ok: [localhost] => {
    "changed": false,
    "diff": {
        "after": {
            "path": "/Users/s0s0dit/project/blockchain-automation-framework/platforms/hyperledger-fabric/configuration/../../../"
        },
        "before": {
            "path": "/Users/s0s0dit/project/blockchain-automation-framework/platforms/hyperledger-fabric/configuration/../../../"
        }
    },
    "gid": 0,
    "group": "root",
    "invocation": {
        "module_args": {
            "_diff_peek": null,
            "_original_basename": null,
            "access_time": null,
            "access_time_format": "%Y%m%d%H%M.%S",
            "attributes": null,
            "follow": true,
            "force": false,
            "group": null,
            "mode": null,
            "modification_time": null,
            "modification_time_format": "%Y%m%d%H%M.%S",
            "owner": null,
            "path": "/Users/s0s0dit/project/blockchain-automation-framework/platforms/hyperledger-fabric/configuration/../../../",
            "recurse": false,
            "selevel": null,
            "serole": null,
            "setype": null,
            "seuser": null,
            "src": null,
            "state": "directory",
            "unsafe_writes": false
        }
    },
    "mode": "0755",
    "owner": "root",
    "path": "/Users/s0s0dit/project/blockchain-automation-framework/platforms/hyperledger-fabric/configuration/../../../",
    "size": 4096,
    "state": "directory",
    "uid": 0
}

TASK [/Users/s0s0dit/project/blockchain-automation-framework/platforms/hyperledger-fabric/configuration/../../shared/configuration/roles/git_push : Execute git push via shell task] ***
task path: /Users/s0s0dit/project/blockchain-automation-framework/platforms/shared/configuration/roles/git_push/tasks/main.yaml:9
<localhost> ESTABLISH LOCAL CONNECTION FOR USER: root
<localhost> EXEC /bin/sh -c 'echo ~root && sleep 0'
<localhost> EXEC /bin/sh -c '( umask 77 && mkdir -p "` echo /root/.ansible/tmp `"&& mkdir "` echo /root/.ansible/tmp/ansible-tmp-1604401327.276463-25278-225260735347274 `" && echo ansible-tmp-1604401327.276463-25278-225260735347274="` echo /root/.ansible/tmp/ansible-tmp-1604401327.276463-25278-225260735347274 `" ) && sleep 0'
Using module file /usr/local/lib/python3.6/dist-packages/ansible/modules/command.py
<localhost> PUT /root/.ansible/tmp/ansible-local-24945zhc_rm96/tmpw892xwtl TO /root/.ansible/tmp/ansible-tmp-1604401327.276463-25278-225260735347274/AnsiballZ_command.py
<localhost> EXEC /bin/sh -c 'chmod u+x /root/.ansible/tmp/ansible-tmp-1604401327.276463-25278-225260735347274/ /root/.ansible/tmp/ansible-tmp-1604401327.276463-25278-225260735347274/AnsiballZ_command.py && sleep 0'
<localhost> EXEC /bin/sh -c '/usr/bin/python3 /root/.ansible/tmp/ansible-tmp-1604401327.276463-25278-225260735347274/AnsiballZ_command.py && sleep 0'
